This is pdfTeX, Version 3.1415926-2.5-1.40.14 (TeX Live 2013/Debian) (format=pdflatex 2015.5.4)  4 MAY 2015 20:07
entering extended mode
 restricted \write18 enabled.
 %&-line parsing enabled.
**index.tex
(./index.tex
LaTeX2e <2011/06/27>
Babel <3.9h> and hyphenation patterns for 78 languages loaded.
(/usr/share/texlive/texmf-dist/tex/latex/base/article.cls
Document Class: article 2007/10/19 v1.4h Standard LaTeX document class
(/usr/share/texlive/texmf-dist/tex/latex/base/size10.clo
File: size10.clo 2007/10/19 v1.4h Standard LaTeX file (size option)
)
\c@part=\count79
\c@section=\count80
\c@subsection=\count81
\c@subsubsection=\count82
\c@paragraph=\count83
\c@subparagraph=\count84
\c@figure=\count85
\c@table=\count86
\abovecaptionskip=\skip41
\belowcaptionskip=\skip42
\bibindent=\dimen102
)
(/usr/share/texlive/texmf-dist/tex/latex/graphics/graphicx.sty
Package: graphicx 1999/02/16 v1.0f Enhanced LaTeX Graphics (DPC,SPQR)

(/usr/share/texlive/texmf-dist/tex/latex/graphics/keyval.sty
Package: keyval 1999/03/16 v1.13 key=value parser (DPC)
\KV@toks@=\toks14
)
(/usr/share/texlive/texmf-dist/tex/latex/graphics/graphics.sty
Package: graphics 2009/02/05 v1.0o Standard LaTeX Graphics (DPC,SPQR)

(/usr/share/texlive/texmf-dist/tex/latex/graphics/trig.sty
Package: trig 1999/03/16 v1.09 sin cos tan (DPC)
)
(/usr/share/texlive/texmf-dist/tex/latex/latexconfig/graphics.cfg
File: graphics.cfg 2010/04/23 v1.9 graphics configuration of TeX Live
)
Package graphics Info: Driver file: pdftex.def on input line 91.

(/usr/share/texlive/texmf-dist/tex/latex/pdftex-def/pdftex.def
File: pdftex.def 2011/05/27 v0.06d Graphics/color for pdfTeX

(/usr/share/texlive/texmf-dist/tex/generic/oberdiek/infwarerr.sty
Package: infwarerr 2010/04/08 v1.3 Providing info/warning/error messages (HO)
)
(/usr/share/texlive/texmf-dist/tex/generic/oberdiek/ltxcmds.sty
Package: ltxcmds 2011/11/09 v1.22 LaTeX kernel commands for general use (HO)
)
\Gread@gobject=\count87
))
\Gin@req@height=\dimen103
\Gin@req@width=\dimen104
)
(./index.aux)
\openout1 = `index.aux'.

LaTeX Font Info:    Checking defaults for OML/cmm/m/it on input line 4.
LaTeX Font Info:    ... okay on input line 4.
LaTeX Font Info:    Checking defaults for T1/cmr/m/n on input line 4.
LaTeX Font Info:    ... okay on input line 4.
LaTeX Font Info:    Checking defaults for OT1/cmr/m/n on input line 4.
LaTeX Font Info:    ... okay on input line 4.
LaTeX Font Info:    Checking defaults for OMS/cmsy/m/n on input line 4.
LaTeX Font Info:    ... okay on input line 4.
LaTeX Font Info:    Checking defaults for OMX/cmex/m/n on input line 4.
LaTeX Font Info:    ... okay on input line 4.
LaTeX Font Info:    Checking defaults for U/cmr/m/n on input line 4.
LaTeX Font Info:    ... okay on input line 4.
 (/usr/share/texlive/texmf-dist/tex/context/base/supp-pdf.mkii
[Loading MPS to PDF converter (version 2006.09.02).]
\scratchcounter=\count88
\scratchdimen=\dimen105
\scratchbox=\box26
\nofMPsegments=\count89
\nofMParguments=\count90
\everyMPshowfont=\toks15
\MPscratchCnt=\count91
\MPscratchDim=\dimen106
\MPnumerator=\count92
\makeMPintoPDFobject=\count93
\everyMPtoPDFconversion=\toks16
) (/usr/share/texlive/texmf-dist/tex/generic/oberdiek/pdftexcmds.sty
Package: pdftexcmds 2011/11/29 v0.20 Utility functions of pdfTeX for LuaTeX (HO
)

(/usr/share/texlive/texmf-dist/tex/generic/oberdiek/ifluatex.sty
Package: ifluatex 2010/03/01 v1.3 Provides the ifluatex switch (HO)
Package ifluatex Info: LuaTeX not detected.
)
(/usr/share/texlive/texmf-dist/tex/generic/oberdiek/ifpdf.sty
Package: ifpdf 2011/01/30 v2.3 Provides the ifpdf switch (HO)
Package ifpdf Info: pdfTeX in PDF mode is detected.
)
Package pdftexcmds Info: LuaTeX not detected.
Package pdftexcmds Info: \pdf@primitive is available.
Package pdftexcmds Info: \pdf@ifprimitive is available.
Package pdftexcmds Info: \pdfdraftmode found.
)
(/usr/share/texlive/texmf-dist/tex/latex/oberdiek/epstopdf-base.sty
Package: epstopdf-base 2010/02/09 v2.5 Base part for package epstopdf

(/usr/share/texlive/texmf-dist/tex/latex/oberdiek/grfext.sty
Package: grfext 2010/08/19 v1.1 Manage graphics extensions (HO)

(/usr/share/texlive/texmf-dist/tex/generic/oberdiek/kvdefinekeys.sty
Package: kvdefinekeys 2011/04/07 v1.3 Define keys (HO)
))
(/usr/share/texlive/texmf-dist/tex/latex/oberdiek/kvoptions.sty
Package: kvoptions 2011/06/30 v3.11 Key value format for package options (HO)

(/usr/share/texlive/texmf-dist/tex/generic/oberdiek/kvsetkeys.sty
Package: kvsetkeys 2012/04/25 v1.16 Key value parser (HO)

(/usr/share/texlive/texmf-dist/tex/generic/oberdiek/etexcmds.sty
Package: etexcmds 2011/02/16 v1.5 Avoid name clashes with e-TeX commands (HO)
Package etexcmds Info: Could not find \expanded.
(etexcmds)             That can mean that you are not using pdfTeX 1.50 or
(etexcmds)             that some package has redefined \expanded.
(etexcmds)             In the latter case, load this package earlier.
)))
Package grfext Info: Graphics extension search list:
(grfext)             [.png,.pdf,.jpg,.mps,.jpeg,.jbig2,.jb2,.PNG,.PDF,.JPG,.JPE
G,.JBIG2,.JB2,.eps]
(grfext)             \AppendGraphicsExtensions on input line 452.

(/usr/share/texlive/texmf-dist/tex/latex/latexconfig/epstopdf-sys.cfg
File: epstopdf-sys.cfg 2010/07/13 v1.3 Configuration of (r)epstopdf for TeX Liv
e
))
</home/darth_bhyrava/web2py/index.png, id=1, 1371.1225pt x 770.88pt>
File: /home/darth_bhyrava/web2py/index.png Graphic file (type png)

<use /home/darth_bhyrava/web2py/index.png>
Package pdftex.def Info: /home/darth_bhyrava/web2py/index.png used on input lin
e 7.
(pdftex.def)             Requested size: 345.0pt x 193.96637pt.

</home/darth_bhyrava/web2py/signup.png, id=2, 1371.1225pt x 770.88pt>
File: /home/darth_bhyrava/web2py/signup.png Graphic file (type png)

<use /home/darth_bhyrava/web2py/signup.png>
Package pdftex.def Info: /home/darth_bhyrava/web2py/signup.png used on input li
ne 13.
(pdftex.def)             Requested size: 345.0pt x 193.96637pt.

</home/darth_bhyrava/web2py/login.png, id=3, 1371.1225pt x 770.88pt>
File: /home/darth_bhyrava/web2py/login.png Graphic file (type png)

<use /home/darth_bhyrava/web2py/login.png>
Package pdftex.def Info: /home/darth_bhyrava/web2py/login.png used on input lin
e 19.
(pdftex.def)             Requested size: 345.0pt x 193.96637pt.

</home/darth_bhyrava/web2py/forgot.png, id=4, 1371.1225pt x 770.88pt>
File: /home/darth_bhyrava/web2py/forgot.png Graphic file (type png)

<use /home/darth_bhyrava/web2py/forgot.png>
Package pdftex.def Info: /home/darth_bhyrava/web2py/forgot.png used on input li
ne 25.
(pdftex.def)             Requested size: 345.0pt x 193.96637pt.

</home/darth_bhyrava/web2py/hearth.png, id=5, 1371.1225pt x 770.88pt>
File: /home/darth_bhyrava/web2py/hearth.png Graphic file (type png)

<use /home/darth_bhyrava/web2py/hearth.png>
Package pdftex.def Info: /home/darth_bhyrava/web2py/hearth.png used on input li
ne 31.
(pdftex.def)             Requested size: 345.0pt x 193.96637pt.

</home/darth_bhyrava/web2py/mem.png, id=6, 1371.1225pt x 770.88pt>
File: /home/darth_bhyrava/web2py/mem.png Graphic file (type png)

<use /home/darth_bhyrava/web2py/mem.png>
Package pdftex.def Info: /home/darth_bhyrava/web2py/mem.png used on input line 
37.
(pdftex.def)             Requested size: 345.0pt x 193.96637pt.

</home/darth_bhyrava/web2py/mem1.png, id=7, 1371.1225pt x 770.88pt>
File: /home/darth_bhyrava/web2py/mem1.png Graphic file (type png)

<use /home/darth_bhyrava/web2py/mem1.png>
Package pdftex.def Info: /home/darth_bhyrava/web2py/mem1.png used on input line
 43.
(pdftex.def)             Requested size: 345.0pt x 193.96637pt.

</home/darth_bhyrava/web2py/evt.png, id=8, 1371.1225pt x 770.88pt>
File: /home/darth_bhyrava/web2py/evt.png Graphic file (type png)

<use /home/darth_bhyrava/web2py/evt.png>
Package pdftex.def Info: /home/darth_bhyrava/web2py/evt.png used on input line 
49.
(pdftex.def)             Requested size: 345.0pt x 193.96637pt.

</home/darth_bhyrava/web2py/timel.png, id=9, 1371.1225pt x 770.88pt>
File: /home/darth_bhyrava/web2py/timel.png Graphic file (type png)

<use /home/darth_bhyrava/web2py/timel.png>
Package pdftex.def Info: /home/darth_bhyrava/web2py/timel.png used on input lin
e 55.
(pdftex.def)             Requested size: 345.0pt x 193.96637pt.

</home/darth_bhyrava/web2py/PostEvent.png, id=10, 1371.1225pt x 770.88pt>
File: /home/darth_bhyrava/web2py/PostEvent.png Graphic file (type png)

<use /home/darth_bhyrava/web2py/PostEvent.png>
Package pdftex.def Info: /home/darth_bhyrava/web2py/PostEvent.png used on input
 line 61.
(pdftex.def)             Requested size: 345.0pt x 193.96637pt.
 [1{/var/lib/texmf/fonts/map/pdftex/updmap/pdftex.map} </home/darth_bhyrava/web
2py/index.png> </home/darth_bhyrava/web2py/signup.png>] [2 </home/darth_bhyrava
/web2py/login.png> </home/darth_bhyrava/web2py/forgot.png>] [3 </home/darth_bhy
rava/web2py/hearth.png> </home/darth_bhyrava/web2py/mem.png>] [4 </home/darth_b
hyrava/web2py/mem1.png> </home/darth_bhyrava/web2py/evt.png>] [5 </home/darth_b
hyrava/web2py/timel.png> </home/darth_bhyrava/web2py/PostEvent.png>] (./index.a
ux)

LaTeX Warning: Label(s) may have changed. Rerun to get cross-references right.

 ) 
Here is how much of TeX's memory you used:
 1516 strings out of 493304
 22645 string characters out of 6139872
 78445 words of memory out of 5000000
 4987 multiletter control sequences out of 15000+600000
 3640 words of font info for 14 fonts, out of 8000000 for 9000
 957 hyphenation exceptions out of 8191
 37i,5n,23p,231b,218s stack positions out of 5000i,500n,10000p,200000b,80000s
</usr/share/texlive/texmf-dist/fonts/type1/public/amsfonts/cm/cmr10.pfb>
Output written on index.pdf (5 pages, 10831504 bytes).
PDF statistics:
 34 PDF objects out of 1000 (max. 8388607)
 15 compressed objects within 1 object stream
 0 named destinations out of 1000 (max. 500000)
 51 words of extra memory for PDF output out of 10000 (max. 10000000)

